2020-05-22 18:44:03 [main] DEBUG o.s.web.context.ContextLoader - Published root WebApplicationContext as ServletContext attribute with name [org.springframework.web.context.WebApplicationContext.ROOT]
2020-05-22 18:44:03 [main]  INFO o.s.web.context.ContextLoader - Root WebApplicationContext: initialization completed in 1802 ms
2020-05-22 18:44:07 [main] DEBUG o.s.w.s.m.m.a.RequestMappingHandlerAdapter - ControllerAdvice beans: 0 @ModelAttribute, 0 @InitBinder, 1 RequestBodyAdvice, 1 ResponseBodyAdvice
2020-05-22 18:44:07 [main] DEBUG o.s.w.s.m.m.a.RequestMappingHandlerMapping - 29 mappings in 'requestMappingHandlerMapping'
2020-05-22 18:44:07 [main] DEBUG o.s.w.s.h.SimpleUrlHandlerMapping - Patterns [/, /home, /registration, /login, /403] in 'viewControllerHandlerMapping'
2020-05-22 18:44:07 [main] DEBUG o.s.w.s.h.SimpleUrlHandlerMapping - Patterns [/webjars/**, /**] in 'resourceHandlerMapping'
2020-05-22 18:44:07 [main] DEBUG o.s.w.s.m.m.a.ExceptionHandlerExceptionResolver - ControllerAdvice beans: 0 @ExceptionHandler, 1 ResponseBodyAdvice
2020-05-22 18:44:27 [http-nio-8081-exec-1]  INFO o.s.web.servlet.DispatcherServlet - Initializing Servlet 'dispatcherServlet'
2020-05-22 18:44:27 [http-nio-8081-exec-1] DEBUG o.s.web.servlet.DispatcherServlet - Detected StandardServletMultipartResolver
2020-05-22 18:44:27 [http-nio-8081-exec-1] DEBUG o.s.web.servlet.DispatcherServlet - Detected SessionLocaleResolver
2020-05-22 18:44:27 [http-nio-8081-exec-1] DEBUG o.s.web.servlet.DispatcherServlet - enableLoggingRequestDetails='false': request parameters and headers will be masked to prevent unsafe logging of potentially sensitive data
2020-05-22 18:44:27 [http-nio-8081-exec-1]  INFO o.s.web.servlet.DispatcherServlet - Completed initialization in 7 ms
2020-05-22 18:44:27 [http-nio-8081-exec-1] DEBUG o.s.web.servlet.DispatcherServlet - GET "/", parameters={}
2020-05-22 18:44:27 [http-nio-8081-exec-1] DEBUG o.s.w.s.m.m.a.RequestMappingHandlerMapping - Mapped to ua.lviv.home.JavaProject.controllers.HomePageController#homePage(Model)
2020-05-22 18:44:27 [http-nio-8081-exec-1] DEBUG o.s.web.servlet.view.JstlView - View name 'home', model {faculties=[ua.lviv.home.JavaProject.domain.Faculty@50bf6cc9, ua.lviv.home.JavaProject.domain.Faculty@58542287, ua.lviv.home.JavaProject.domain.Faculty@1110e972]}
2020-05-22 18:44:27 [http-nio-8081-exec-1] DEBUG o.s.web.servlet.view.JstlView - Forwarding to [/home.jsp]
2020-05-22 18:44:28 [http-nio-8081-exec-1] DEBUG o.s.web.servlet.DispatcherServlet - Completed 200 OK
2020-05-22 18:44:28 [http-nio-8081-exec-2] DEBUG o.s.web.servlet.DispatcherServlet - GET "/css/home.css", parameters={}
2020-05-22 18:44:28 [http-nio-8081-exec-3] DEBUG o.s.web.servlet.DispatcherServlet - GET "/js/lang.js", parameters={}
2020-05-22 18:44:28 [http-nio-8081-exec-3] DEBUG o.s.w.s.h.SimpleUrlHandlerMapping - Mapped to ResourceHttpRequestHandler ["classpath:/META-INF/resources/", "classpath:/resources/", "classpath:/static/", "classpath:/public/", "/"]
2020-05-22 18:44:28 [http-nio-8081-exec-2] DEBUG o.s.w.s.h.SimpleUrlHandlerMapping - Mapped to ResourceHttpRequestHandler ["classpath:/META-INF/resources/", "classpath:/resources/", "classpath:/static/", "classpath:/public/", "/"]
2020-05-22 18:44:28 [http-nio-8081-exec-4] DEBUG o.s.web.servlet.DispatcherServlet - GET "/img/front1.jpg", parameters={}
2020-05-22 18:44:28 [http-nio-8081-exec-6] DEBUG o.s.web.servlet.DispatcherServlet - GET "/img/front3.jpg", parameters={}
2020-05-22 18:44:28 [http-nio-8081-exec-7] DEBUG o.s.web.servlet.DispatcherServlet - GET "/img/faculty1.gif", parameters={}
2020-05-22 18:44:28 [http-nio-8081-exec-5] DEBUG o.s.web.servlet.DispatcherServlet - GET "/img/front2.jpg", parameters={}
2020-05-22 18:44:28 [http-nio-8081-exec-4] DEBUG o.s.w.s.h.SimpleUrlHandlerMapping - Mapped to ResourceHttpRequestHandler ["classpath:/META-INF/resources/", "classpath:/resources/", "classpath:/static/", "classpath:/public/", "/"]
2020-05-22 18:44:28 [http-nio-8081-exec-7] DEBUG o.s.w.s.h.SimpleUrlHandlerMapping - Mapped to ResourceHttpRequestHandler ["classpath:/META-INF/resources/", "classpath:/resources/", "classpath:/static/", "classpath:/public/", "/"]
2020-05-22 18:44:28 [http-nio-8081-exec-6] DEBUG o.s.w.s.h.SimpleUrlHandlerMapping - Mapped to ResourceHttpRequestHandler ["classpath:/META-INF/resources/", "classpath:/resources/", "classpath:/static/", "classpath:/public/", "/"]
2020-05-22 18:44:28 [http-nio-8081-exec-5] DEBUG o.s.w.s.h.SimpleUrlHandlerMapping - Mapped to ResourceHttpRequestHandler ["classpath:/META-INF/resources/", "classpath:/resources/", "classpath:/static/", "classpath:/public/", "/"]
2020-05-22 18:44:28 [http-nio-8081-exec-7] DEBUG o.s.web.servlet.DispatcherServlet - Completed 200 OK
2020-05-22 18:44:28 [http-nio-8081-exec-2] DEBUG o.s.web.servlet.DispatcherServlet - Completed 200 OK
2020-05-22 18:44:28 [http-nio-8081-exec-3] DEBUG o.s.web.servlet.DispatcherServlet - Completed 200 OK
2020-05-22 18:44:28 [http-nio-8081-exec-8] DEBUG o.s.web.servlet.DispatcherServlet - GET "/img/faculty2.png", parameters={}
2020-05-22 18:44:28 [http-nio-8081-exec-9] DEBUG o.s.web.servlet.DispatcherServlet - GET "/img/faculty3.jpg", parameters={}
2020-05-22 18:44:28 [http-nio-8081-exec-8] DEBUG o.s.w.s.h.SimpleUrlHandlerMapping - Mapped to ResourceHttpRequestHandler ["classpath:/META-INF/resources/", "classpath:/resources/", "classpath:/static/", "classpath:/public/", "/"]
2020-05-22 18:44:28 [http-nio-8081-exec-9] DEBUG o.s.w.s.h.SimpleUrlHandlerMapping - Mapped to ResourceHttpRequestHandler ["classpath:/META-INF/resources/", "classpath:/resources/", "classpath:/static/", "classpath:/public/", "/"]
2020-05-22 18:44:28 [http-nio-8081-exec-4] DEBUG o.s.web.servlet.DispatcherServlet - Completed 200 OK
2020-05-22 18:44:28 [http-nio-8081-exec-9] DEBUG o.s.web.servlet.DispatcherServlet - Completed 200 OK
2020-05-22 18:44:28 [http-nio-8081-exec-6] DEBUG o.s.web.servlet.DispatcherServlet - Completed 200 OK
2020-05-22 18:44:28 [http-nio-8081-exec-8] DEBUG o.s.web.servlet.DispatcherServlet - Completed 200 OK
2020-05-22 18:44:28 [http-nio-8081-exec-5] DEBUG o.s.web.servlet.DispatcherServlet - Completed 200 OK
2020-05-22 18:44:29 [http-nio-8081-exec-10] DEBUG o.s.web.servlet.DispatcherServlet - GET "/login", parameters={}
2020-05-22 18:44:29 [http-nio-8081-exec-10] DEBUG o.s.w.s.h.SimpleUrlHandlerMapping - Mapped to ParameterizableViewController [view="login"]
2020-05-22 18:44:29 [http-nio-8081-exec-10] DEBUG o.s.web.servlet.view.JstlView - View name 'login', model {}
2020-05-22 18:44:29 [http-nio-8081-exec-10] DEBUG o.s.web.servlet.view.JstlView - Forwarding to [/login.jsp]
2020-05-22 18:44:30 [http-nio-8081-exec-10] DEBUG o.s.web.servlet.DispatcherServlet - Completed 200 OK
2020-05-22 18:44:30 [http-nio-8081-exec-7] DEBUG o.s.web.servlet.DispatcherServlet - GET "/js/lang.js", parameters={}
2020-05-22 18:44:30 [http-nio-8081-exec-1] DEBUG o.s.web.servlet.DispatcherServlet - GET "/css/login.css", parameters={}
2020-05-22 18:44:30 [http-nio-8081-exec-7] DEBUG o.s.w.s.h.SimpleUrlHandlerMapping - Mapped to ResourceHttpRequestHandler ["classpath:/META-INF/resources/", "classpath:/resources/", "classpath:/static/", "classpath:/public/", "/"]
2020-05-22 18:44:30 [http-nio-8081-exec-1] DEBUG o.s.w.s.h.SimpleUrlHandlerMapping - Mapped to ResourceHttpRequestHandler ["classpath:/META-INF/resources/", "classpath:/resources/", "classpath:/static/", "classpath:/public/", "/"]
2020-05-22 18:44:30 [http-nio-8081-exec-7] DEBUG o.s.web.servlet.DispatcherServlet - Completed 200 OK
2020-05-22 18:44:30 [http-nio-8081-exec-1] DEBUG o.s.web.servlet.DispatcherServlet - Completed 200 OK
2020-05-22 18:44:34 [http-nio-8081-exec-3] DEBUG o.s.web.servlet.DispatcherServlet - GET "/home", parameters={}
2020-05-22 18:44:34 [http-nio-8081-exec-3] DEBUG o.s.w.s.h.SimpleUrlHandlerMapping - Mapped to ParameterizableViewController [view="home"]
2020-05-22 18:44:34 [http-nio-8081-exec-3] DEBUG o.s.web.servlet.view.JstlView - View name 'home', model {}
2020-05-22 18:44:34 [http-nio-8081-exec-3] DEBUG o.s.web.servlet.view.JstlView - Forwarding to [/home.jsp]
2020-05-22 18:44:34 [http-nio-8081-exec-3] DEBUG o.s.web.servlet.DispatcherServlet - Completed 200 OK
2020-05-22 18:44:34 [http-nio-8081-exec-9] DEBUG o.s.web.servlet.DispatcherServlet - GET "/js/lang.js", parameters={}
2020-05-22 18:44:34 [http-nio-8081-exec-4] DEBUG o.s.web.servlet.DispatcherServlet - GET "/css/home.css", parameters={}
2020-05-22 18:44:34 [http-nio-8081-exec-4] DEBUG o.s.w.s.h.SimpleUrlHandlerMapping - Mapped to ResourceHttpRequestHandler ["classpath:/META-INF/resources/", "classpath:/resources/", "classpath:/static/", "classpath:/public/", "/"]
2020-05-22 18:44:34 [http-nio-8081-exec-9] DEBUG o.s.w.s.h.SimpleUrlHandlerMapping - Mapped to ResourceHttpRequestHandler ["classpath:/META-INF/resources/", "classpath:/resources/", "classpath:/static/", "classpath:/public/", "/"]
2020-05-22 18:44:34 [http-nio-8081-exec-4] DEBUG o.s.web.servlet.DispatcherServlet - Completed 200 OK
2020-05-22 18:44:34 [http-nio-8081-exec-6] DEBUG o.s.web.servlet.DispatcherServlet - GET "/img/front1.jpg", parameters={}
2020-05-22 18:44:34 [http-nio-8081-exec-9] DEBUG o.s.web.servlet.DispatcherServlet - Completed 200 OK
2020-05-22 18:44:34 [http-nio-8081-exec-6] DEBUG o.s.w.s.h.SimpleUrlHandlerMapping - Mapped to ResourceHttpRequestHandler ["classpath:/META-INF/resources/", "classpath:/resources/", "classpath:/static/", "classpath:/public/", "/"]
2020-05-22 18:44:34 [http-nio-8081-exec-8] DEBUG o.s.web.servlet.DispatcherServlet - GET "/img/front2.jpg", parameters={}
2020-05-22 18:44:34 [http-nio-8081-exec-5] DEBUG o.s.web.servlet.DispatcherServlet - GET "/img/front3.jpg", parameters={}
2020-05-22 18:44:34 [http-nio-8081-exec-10] DEBUG o.s.web.servlet.DispatcherServlet - GET "/img/faculty1.gif", parameters={}
2020-05-22 18:44:34 [http-nio-8081-exec-8] DEBUG o.s.w.s.h.SimpleUrlHandlerMapping - Mapped to ResourceHttpRequestHandler ["classpath:/META-INF/resources/", "classpath:/resources/", "classpath:/static/", "classpath:/public/", "/"]
2020-05-22 18:44:34 [http-nio-8081-exec-10] DEBUG o.s.w.s.h.SimpleUrlHandlerMapping - Mapped to ResourceHttpRequestHandler ["classpath:/META-INF/resources/", "classpath:/resources/", "classpath:/static/", "classpath:/public/", "/"]
2020-05-22 18:44:34 [http-nio-8081-exec-5] DEBUG o.s.w.s.h.SimpleUrlHandlerMapping - Mapped to ResourceHttpRequestHandler ["classpath:/META-INF/resources/", "classpath:/resources/", "classpath:/static/", "classpath:/public/", "/"]
2020-05-22 18:44:34 [http-nio-8081-exec-7] DEBUG o.s.web.servlet.DispatcherServlet - GET "/img/faculty2.png", parameters={}
2020-05-22 18:44:34 [http-nio-8081-exec-1] DEBUG o.s.web.servlet.DispatcherServlet - GET "/img/faculty3.jpg", parameters={}
2020-05-22 18:44:34 [http-nio-8081-exec-7] DEBUG o.s.w.s.h.SimpleUrlHandlerMapping - Mapped to ResourceHttpRequestHandler ["classpath:/META-INF/resources/", "classpath:/resources/", "classpath:/static/", "classpath:/public/", "/"]
2020-05-22 18:44:34 [http-nio-8081-exec-1] DEBUG o.s.w.s.h.SimpleUrlHandlerMapping - Mapped to ResourceHttpRequestHandler ["classpath:/META-INF/resources/", "classpath:/resources/", "classpath:/static/", "classpath:/public/", "/"]
2020-05-22 18:44:34 [http-nio-8081-exec-10] DEBUG o.s.web.servlet.DispatcherServlet - Completed 200 OK
2020-05-22 18:44:34 [http-nio-8081-exec-1] DEBUG o.s.web.servlet.DispatcherServlet - Completed 200 OK
2020-05-22 18:44:34 [http-nio-8081-exec-6] DEBUG o.s.web.servlet.DispatcherServlet - Completed 200 OK
2020-05-22 18:44:34 [http-nio-8081-exec-7] DEBUG o.s.web.servlet.DispatcherServlet - Completed 200 OK
2020-05-22 18:44:34 [http-nio-8081-exec-5] DEBUG o.s.web.servlet.DispatcherServlet - Completed 200 OK
2020-05-22 18:44:34 [http-nio-8081-exec-8] DEBUG o.s.web.servlet.DispatcherServlet - Completed 200 OK
2020-05-22 18:44:42 [http-nio-8081-exec-2] DEBUG o.s.web.servlet.DispatcherServlet - GET "/subjects/all", parameters={}
2020-05-22 18:44:42 [http-nio-8081-exec-2] DEBUG o.s.w.s.h.SimpleUrlHandlerMapping - Mapped to ResourceHttpRequestHandler ["classpath:/META-INF/resources/", "classpath:/resources/", "classpath:/static/", "classpath:/public/", "/"]
2020-05-22 18:44:42 [http-nio-8081-exec-2] DEBUG o.s.w.s.r.ResourceHttpRequestHandler - Resource not found
2020-05-22 18:44:42 [http-nio-8081-exec-2] DEBUG o.s.web.servlet.DispatcherServlet - Completed 404 NOT_FOUND
2020-05-22 18:44:42 [http-nio-8081-exec-2] DEBUG o.s.web.servlet.DispatcherServlet - "ERROR" dispatch for GET "/error", parameters={}
2020-05-22 18:44:42 [http-nio-8081-exec-2] DEBUG o.s.w.s.m.m.a.RequestMappingHandlerMapping - Mapped to org.springframework.boot.autoconfigure.web.servlet.error.BasicErrorController#errorHtml(HttpServletRequest, HttpServletResponse)
2020-05-22 18:44:42 [http-nio-8081-exec-2] DEBUG o.s.web.servlet.DispatcherServlet - Exiting from "ERROR" dispatch, status 404
2020-05-22 18:44:43 [http-nio-8081-exec-3] DEBUG o.s.web.servlet.DispatcherServlet - GET "/home", parameters={}
2020-05-22 18:44:43 [http-nio-8081-exec-3] DEBUG o.s.w.s.h.SimpleUrlHandlerMapping - Mapped to ParameterizableViewController [view="home"]
2020-05-22 18:44:43 [http-nio-8081-exec-3] DEBUG o.s.web.servlet.view.JstlView - View name 'home', model {}
2020-05-22 18:44:43 [http-nio-8081-exec-3] DEBUG o.s.web.servlet.view.JstlView - Forwarding to [/home.jsp]
2020-05-22 18:44:43 [http-nio-8081-exec-3] DEBUG o.s.web.servlet.DispatcherServlet - Completed 200 OK
2020-05-22 18:44:43 [http-nio-8081-exec-4] DEBUG o.s.web.servlet.DispatcherServlet - GET "/css/home.css", parameters={}
2020-05-22 18:44:43 [http-nio-8081-exec-4] DEBUG o.s.w.s.h.SimpleUrlHandlerMapping - Mapped to ResourceHttpRequestHandler ["classpath:/META-INF/resources/", "classpath:/resources/", "classpath:/static/", "classpath:/public/", "/"]
2020-05-22 18:44:43 [http-nio-8081-exec-4] DEBUG o.s.web.servlet.DispatcherServlet - Completed 200 OK
2020-05-22 18:45:19 [main] DEBUG o.s.web.context.ContextLoader - Published root WebApplicationContext as ServletContext attribute with name [org.springframework.web.context.WebApplicationContext.ROOT]
2020-05-22 18:45:19 [main]  INFO o.s.web.context.ContextLoader - Root WebApplicationContext: initialization completed in 1806 ms
2020-05-22 18:45:22 [main] DEBUG o.s.w.s.m.m.a.RequestMappingHandlerAdapter - ControllerAdvice beans: 0 @ModelAttribute, 0 @InitBinder, 1 RequestBodyAdvice, 1 ResponseBodyAdvice
2020-05-22 18:45:23 [main] DEBUG o.s.w.s.m.m.a.RequestMappingHandlerMapping - 29 mappings in 'requestMappingHandlerMapping'
2020-05-22 18:45:23 [main] DEBUG o.s.w.s.h.SimpleUrlHandlerMapping - Patterns [/, /home, /registration, /login, /403] in 'viewControllerHandlerMapping'
2020-05-22 18:45:23 [main] DEBUG o.s.w.s.h.SimpleUrlHandlerMapping - Patterns [/webjars/**, /**] in 'resourceHandlerMapping'
2020-05-22 18:45:23 [main] DEBUG o.s.w.s.m.m.a.ExceptionHandlerExceptionResolver - ControllerAdvice beans: 0 @ExceptionHandler, 1 ResponseBodyAdvice
2020-05-22 18:45:25 [http-nio-8081-exec-1]  INFO o.s.web.servlet.DispatcherServlet - Initializing Servlet 'dispatcherServlet'
2020-05-22 18:45:25 [http-nio-8081-exec-1] DEBUG o.s.web.servlet.DispatcherServlet - Detected StandardServletMultipartResolver
2020-05-22 18:45:25 [http-nio-8081-exec-1] DEBUG o.s.web.servlet.DispatcherServlet - Detected SessionLocaleResolver
2020-05-22 18:45:25 [http-nio-8081-exec-1] DEBUG o.s.web.servlet.DispatcherServlet - enableLoggingRequestDetails='false': request parameters and headers will be masked to prevent unsafe logging of potentially sensitive data
2020-05-22 18:45:25 [http-nio-8081-exec-1]  INFO o.s.web.servlet.DispatcherServlet - Completed initialization in 8 ms
2020-05-22 18:45:25 [http-nio-8081-exec-1] DEBUG o.s.web.servlet.DispatcherServlet - GET "/", parameters={}
2020-05-22 18:45:25 [http-nio-8081-exec-1] DEBUG o.s.w.s.m.m.a.RequestMappingHandlerMapping - Mapped to ua.lviv.home.JavaProject.controllers.HomePageController#homePage(Model)
2020-05-22 18:45:25 [http-nio-8081-exec-1] DEBUG o.s.web.servlet.view.JstlView - View name 'home', model {faculties=[ua.lviv.home.JavaProject.domain.Faculty@41c694fa, ua.lviv.home.JavaProject.domain.Faculty@150d6519, ua.lviv.home.JavaProject.domain.Faculty@5d0f99ef]}
2020-05-22 18:45:25 [http-nio-8081-exec-1] DEBUG o.s.web.servlet.view.JstlView - Forwarding to [/home.jsp]
2020-05-22 18:45:26 [http-nio-8081-exec-1] DEBUG o.s.web.servlet.DispatcherServlet - Completed 200 OK
2020-05-22 18:45:26 [http-nio-8081-exec-2] DEBUG o.s.web.servlet.DispatcherServlet - GET "/css/home.css", parameters={}
2020-05-22 18:45:26 [http-nio-8081-exec-3] DEBUG o.s.web.servlet.DispatcherServlet - GET "/js/lang.js", parameters={}
2020-05-22 18:45:26 [http-nio-8081-exec-4] DEBUG o.s.web.servlet.DispatcherServlet - GET "/img/front1.jpg", parameters={}
2020-05-22 18:45:26 [http-nio-8081-exec-6] DEBUG o.s.web.servlet.DispatcherServlet - GET "/img/front3.jpg", parameters={}
2020-05-22 18:45:26 [http-nio-8081-exec-5] DEBUG o.s.web.servlet.DispatcherServlet - GET "/img/front2.jpg", parameters={}
2020-05-22 18:45:26 [http-nio-8081-exec-7] DEBUG o.s.web.servlet.DispatcherServlet - GET "/img/faculty1.gif", parameters={}
2020-05-22 18:45:26 [http-nio-8081-exec-2] DEBUG o.s.w.s.h.SimpleUrlHandlerMapping - Mapped to ResourceHttpRequestHandler ["classpath:/META-INF/resources/", "classpath:/resources/", "classpath:/static/", "classpath:/public/", "/"]
2020-05-22 18:45:26 [http-nio-8081-exec-6] DEBUG o.s.w.s.h.SimpleUrlHandlerMapping - Mapped to ResourceHttpRequestHandler ["classpath:/META-INF/resources/", "classpath:/resources/", "classpath:/static/", "classpath:/public/", "/"]
2020-05-22 18:45:26 [http-nio-8081-exec-5] DEBUG o.s.w.s.h.SimpleUrlHandlerMapping - Mapped to ResourceHttpRequestHandler ["classpath:/META-INF/resources/", "classpath:/resources/", "classpath:/static/", "classpath:/public/", "/"]
2020-05-22 18:45:26 [http-nio-8081-exec-4] DEBUG o.s.w.s.h.SimpleUrlHandlerMapping - Mapped to ResourceHttpRequestHandler ["classpath:/META-INF/resources/", "classpath:/resources/", "classpath:/static/", "classpath:/public/", "/"]
2020-05-22 18:45:26 [http-nio-8081-exec-3] DEBUG o.s.w.s.h.SimpleUrlHandlerMapping - Mapped to ResourceHttpRequestHandler ["classpath:/META-INF/resources/", "classpath:/resources/", "classpath:/static/", "classpath:/public/", "/"]
2020-05-22 18:45:26 [http-nio-8081-exec-7] DEBUG o.s.w.s.h.SimpleUrlHandlerMapping - Mapped to ResourceHttpRequestHandler ["classpath:/META-INF/resources/", "classpath:/resources/", "classpath:/static/", "classpath:/public/", "/"]
2020-05-22 18:45:26 [http-nio-8081-exec-3] DEBUG o.s.web.servlet.DispatcherServlet - Completed 200 OK
2020-05-22 18:45:26 [http-nio-8081-exec-7] DEBUG o.s.web.servlet.DispatcherServlet - Completed 200 OK
2020-05-22 18:45:26 [http-nio-8081-exec-2] DEBUG o.s.web.servlet.DispatcherServlet - Completed 200 OK
2020-05-22 18:45:26 [http-nio-8081-exec-9] DEBUG o.s.web.servlet.DispatcherServlet - GET "/img/faculty3.jpg", parameters={}
2020-05-22 18:45:26 [http-nio-8081-exec-8] DEBUG o.s.web.servlet.DispatcherServlet - GET "/img/faculty2.png", parameters={}
2020-05-22 18:45:26 [http-nio-8081-exec-4] DEBUG o.s.web.servlet.DispatcherServlet - Completed 200 OK
2020-05-22 18:45:26 [http-nio-8081-exec-9] DEBUG o.s.w.s.h.SimpleUrlHandlerMapping - Mapped to ResourceHttpRequestHandler ["classpath:/META-INF/resources/", "classpath:/resources/", "classpath:/static/", "classpath:/public/", "/"]
2020-05-22 18:45:26 [http-nio-8081-exec-8] DEBUG o.s.w.s.h.SimpleUrlHandlerMapping - Mapped to ResourceHttpRequestHandler ["classpath:/META-INF/resources/", "classpath:/resources/", "classpath:/static/", "classpath:/public/", "/"]
2020-05-22 18:45:26 [http-nio-8081-exec-6] DEBUG o.s.web.servlet.DispatcherServlet - Completed 200 OK
2020-05-22 18:45:26 [http-nio-8081-exec-9] DEBUG o.s.web.servlet.DispatcherServlet - Completed 200 OK
2020-05-22 18:45:26 [http-nio-8081-exec-8] DEBUG o.s.web.servlet.DispatcherServlet - Completed 200 OK
2020-05-22 18:45:26 [http-nio-8081-exec-5] DEBUG o.s.web.servlet.DispatcherServlet - Completed 200 OK
2020-05-22 18:45:30 [http-nio-8081-exec-10] DEBUG o.s.web.servlet.DispatcherServlet - GET "/login", parameters={}
2020-05-22 18:45:30 [http-nio-8081-exec-10] DEBUG o.s.w.s.h.SimpleUrlHandlerMapping - Mapped to ParameterizableViewController [view="login"]
2020-05-22 18:45:30 [http-nio-8081-exec-10] DEBUG o.s.web.servlet.view.JstlView - View name 'login', model {}
2020-05-22 18:45:30 [http-nio-8081-exec-10] DEBUG o.s.web.servlet.view.JstlView - Forwarding to [/login.jsp]
2020-05-22 18:45:31 [http-nio-8081-exec-10] DEBUG o.s.web.servlet.DispatcherServlet - Completed 200 OK
2020-05-22 18:45:31 [http-nio-8081-exec-1] DEBUG o.s.web.servlet.DispatcherServlet - GET "/css/login.css", parameters={}
2020-05-22 18:45:31 [http-nio-8081-exec-3] DEBUG o.s.web.servlet.DispatcherServlet - GET "/js/lang.js", parameters={}
2020-05-22 18:45:31 [http-nio-8081-exec-1] DEBUG o.s.w.s.h.SimpleUrlHandlerMapping - Mapped to ResourceHttpRequestHandler ["classpath:/META-INF/resources/", "classpath:/resources/", "classpath:/static/", "classpath:/public/", "/"]
2020-05-22 18:45:31 [http-nio-8081-exec-3] DEBUG o.s.w.s.h.SimpleUrlHandlerMapping - Mapped to ResourceHttpRequestHandler ["classpath:/META-INF/resources/", "classpath:/resources/", "classpath:/static/", "classpath:/public/", "/"]
2020-05-22 18:45:31 [http-nio-8081-exec-1] DEBUG o.s.web.servlet.DispatcherServlet - Completed 200 OK
2020-05-22 18:45:31 [http-nio-8081-exec-3] DEBUG o.s.web.servlet.DispatcherServlet - Completed 200 OK
2020-05-22 18:45:35 [http-nio-8081-exec-2] DEBUG o.s.web.servlet.DispatcherServlet - GET "/home", parameters={}
2020-05-22 18:45:35 [http-nio-8081-exec-2] DEBUG o.s.w.s.h.SimpleUrlHandlerMapping - Mapped to ParameterizableViewController [view="home"]
2020-05-22 18:45:35 [http-nio-8081-exec-2] DEBUG o.s.web.servlet.view.JstlView - View name 'home', model {}
2020-05-22 18:45:35 [http-nio-8081-exec-2] DEBUG o.s.web.servlet.view.JstlView - Forwarding to [/home.jsp]
2020-05-22 18:45:35 [http-nio-8081-exec-2] DEBUG o.s.web.servlet.DispatcherServlet - Completed 200 OK
2020-05-22 18:45:35 [http-nio-8081-exec-4] DEBUG o.s.web.servlet.DispatcherServlet - GET "/css/home.css", parameters={}
2020-05-22 18:45:35 [http-nio-8081-exec-6] DEBUG o.s.web.servlet.DispatcherServlet - GET "/js/lang.js", parameters={}
2020-05-22 18:45:35 [http-nio-8081-exec-4] DEBUG o.s.w.s.h.SimpleUrlHandlerMapping - Mapped to ResourceHttpRequestHandler ["classpath:/META-INF/resources/", "classpath:/resources/", "classpath:/static/", "classpath:/public/", "/"]
2020-05-22 18:45:35 [http-nio-8081-exec-6] DEBUG o.s.w.s.h.SimpleUrlHandlerMapping - Mapped to ResourceHttpRequestHandler ["classpath:/META-INF/resources/", "classpath:/resources/", "classpath:/static/", "classpath:/public/", "/"]
2020-05-22 18:45:35 [http-nio-8081-exec-8] DEBUG o.s.web.servlet.DispatcherServlet - GET "/img/front2.jpg", parameters={}
2020-05-22 18:45:35 [http-nio-8081-exec-9] DEBUG o.s.web.servlet.DispatcherServlet - GET "/img/front1.jpg", parameters={}
2020-05-22 18:45:35 [http-nio-8081-exec-5] DEBUG o.s.web.servlet.DispatcherServlet - GET "/img/front3.jpg", parameters={}
2020-05-22 18:45:35 [http-nio-8081-exec-10] DEBUG o.s.web.servlet.DispatcherServlet - GET "/img/faculty1.gif", parameters={}
2020-05-22 18:45:35 [http-nio-8081-exec-9] DEBUG o.s.w.s.h.SimpleUrlHandlerMapping - Mapped to ResourceHttpRequestHandler ["classpath:/META-INF/resources/", "classpath:/resources/", "classpath:/static/", "classpath:/public/", "/"]
2020-05-22 18:45:35 [http-nio-8081-exec-8] DEBUG o.s.w.s.h.SimpleUrlHandlerMapping - Mapped to ResourceHttpRequestHandler ["classpath:/META-INF/resources/", "classpath:/resources/", "classpath:/static/", "classpath:/public/", "/"]
2020-05-22 18:45:35 [http-nio-8081-exec-5] DEBUG o.s.w.s.h.SimpleUrlHandlerMapping - Mapped to ResourceHttpRequestHandler ["classpath:/META-INF/resources/", "classpath:/resources/", "classpath:/static/", "classpath:/public/", "/"]
2020-05-22 18:45:35 [http-nio-8081-exec-10] DEBUG o.s.w.s.h.SimpleUrlHandlerMapping - Mapped to ResourceHttpRequestHandler ["classpath:/META-INF/resources/", "classpath:/resources/", "classpath:/static/", "classpath:/public/", "/"]
2020-05-22 18:45:35 [http-nio-8081-exec-4] DEBUG o.s.web.servlet.DispatcherServlet - Completed 200 OK
2020-05-22 18:45:35 [http-nio-8081-exec-6] DEBUG o.s.web.servlet.DispatcherServlet - Completed 200 OK
2020-05-22 18:45:35 [http-nio-8081-exec-10] DEBUG o.s.web.servlet.DispatcherServlet - Completed 200 OK
2020-05-22 18:45:35 [http-nio-8081-exec-1] DEBUG o.s.web.servlet.DispatcherServlet - GET "/img/faculty3.jpg", parameters={}
2020-05-22 18:45:35 [http-nio-8081-exec-3] DEBUG o.s.web.servlet.DispatcherServlet - GET "/img/faculty2.png", parameters={}
2020-05-22 18:45:35 [http-nio-8081-exec-3] DEBUG o.s.w.s.h.SimpleUrlHandlerMapping - Mapped to ResourceHttpRequestHandler ["classpath:/META-INF/resources/", "classpath:/resources/", "classpath:/static/", "classpath:/public/", "/"]
2020-05-22 18:45:35 [http-nio-8081-exec-1] DEBUG o.s.w.s.h.SimpleUrlHandlerMapping - Mapped to ResourceHttpRequestHandler ["classpath:/META-INF/resources/", "classpath:/resources/", "classpath:/static/", "classpath:/public/", "/"]
2020-05-22 18:45:35 [http-nio-8081-exec-9] DEBUG o.s.web.servlet.DispatcherServlet - Completed 200 OK
2020-05-22 18:45:35 [http-nio-8081-exec-1] DEBUG o.s.web.servlet.DispatcherServlet - Completed 200 OK
2020-05-22 18:45:35 [http-nio-8081-exec-3] DEBUG o.s.web.servlet.DispatcherServlet - Completed 200 OK
2020-05-22 18:45:35 [http-nio-8081-exec-5] DEBUG o.s.web.servlet.DispatcherServlet - Completed 200 OK
2020-05-22 18:45:35 [http-nio-8081-exec-8] DEBUG o.s.web.servlet.DispatcherServlet - Completed 200 OK
2020-05-22 18:45:40 [http-nio-8081-exec-7] DEBUG o.s.web.servlet.DispatcherServlet - GET "/subjects/create", parameters={}
2020-05-22 18:45:40 [http-nio-8081-exec-7] DEBUG o.s.w.s.m.m.a.RequestMappingHandlerMapping - Mapped to ua.lviv.home.JavaProject.controllers.SubjectController#create(Model)
2020-05-22 18:45:40 [http-nio-8081-exec-7] DEBUG o.s.web.servlet.view.JstlView - View name 'createSubjects', model {subjectDto=ua.lviv.home.JavaProject.domain.Subject@137e8133, subjects=[ua.lviv.home.JavaProject.domain.Subject@54a37f15, ua.lviv.home.JavaProject.domain.Subject@1a6d4dd6, ua.lviv.home.JavaProject.domain.Subject@7ce7a9f6, ua.lviv.home.JavaProject.domain.Subject@63694bb5, ua.lviv.home.JavaProject.domain.Subject@2cfdcb1a, ua.lviv.home.JavaProject.domain.Subject@5c0e20ae, ua.lviv.home.JavaProject.domain.Subject@1de79ac0], org.springframework.validation.BindingResult.subjectDto=org.springframework.validation.BeanPropertyBindingResult: 0 errors}
2020-05-22 18:45:40 [http-nio-8081-exec-7] DEBUG o.s.web.servlet.view.JstlView - Forwarding to [/createSubjects.jsp]
2020-05-22 18:45:40 [http-nio-8081-exec-7] DEBUG o.s.web.servlet.DispatcherServlet - Completed 200 OK
2020-05-22 18:45:40 [http-nio-8081-exec-4] DEBUG o.s.web.servlet.DispatcherServlet - GET "/css/error.css", parameters={}
2020-05-22 18:45:40 [http-nio-8081-exec-2] DEBUG o.s.web.servlet.DispatcherServlet - GET "/css/createLook.css", parameters={}
2020-05-22 18:45:40 [http-nio-8081-exec-6] DEBUG o.s.web.servlet.DispatcherServlet - GET "/js/lang.js", parameters={}
2020-05-22 18:45:40 [http-nio-8081-exec-4] DEBUG o.s.w.s.h.SimpleUrlHandlerMapping - Mapped to ResourceHttpRequestHandler ["classpath:/META-INF/resources/", "classpath:/resources/", "classpath:/static/", "classpath:/public/", "/"]
2020-05-22 18:45:40 [http-nio-8081-exec-6] DEBUG o.s.w.s.h.SimpleUrlHandlerMapping - Mapped to ResourceHttpRequestHandler ["classpath:/META-INF/resources/", "classpath:/resources/", "classpath:/static/", "classpath:/public/", "/"]
2020-05-22 18:45:40 [http-nio-8081-exec-2] DEBUG o.s.w.s.h.SimpleUrlHandlerMapping - Mapped to ResourceHttpRequestHandler ["classpath:/META-INF/resources/", "classpath:/resources/", "classpath:/static/", "classpath:/public/", "/"]
2020-05-22 18:45:40 [http-nio-8081-exec-6] DEBUG o.s.web.servlet.DispatcherServlet - Completed 200 OK
2020-05-22 18:45:40 [http-nio-8081-exec-4] DEBUG o.s.web.servlet.DispatcherServlet - Completed 200 OK
2020-05-22 18:45:40 [http-nio-8081-exec-2] DEBUG o.s.web.servlet.DispatcherServlet - Completed 200 OK
2020-05-22 18:45:45 [http-nio-8081-exec-10] DEBUG o.s.web.servlet.DispatcherServlet - POST "/subjects/save", parameters={masked}
2020-05-22 18:45:45 [http-nio-8081-exec-10] DEBUG o.s.w.s.m.m.a.RequestMappingHandlerMapping - Mapped to ua.lviv.home.JavaProject.controllers.SubjectController#save(Model, Subject, BindingResult)
2020-05-22 18:45:45 [http-nio-8081-exec-10] DEBUG o.s.web.servlet.view.JstlView - View name 'createSubjects', model {subjectDto=ua.lviv.home.JavaProject.domain.Subject@52da746d, org.springframework.validation.BindingResult.subjectDto=org.springframework.validation.BeanPropertyBindingResult: 2 errors
Field error in object 'subjectDto' on field 'name': rejected value []; codes [empty.subjectDto.name,empty.name,empty.java.lang.String,empty]; arguments []; default message [null]
Field error in object 'subjectDto' on field 'maxGrade': rejected value [0]; codes [null.subjectDto.maxGrade,null.maxGrade,null.int,null]; arguments []; default message [null], subjects=[ua.lviv.home.JavaProject.domain.Subject@1389c777, ua.lviv.home.JavaProject.domain.Subject@11a02626, ua.lviv.home.JavaProject.domain.Subject@5e9a677b, ua.lviv.home.JavaProject.domain.Subject@5c467c51, ua.lviv.home.JavaProject.domain.Subject@129bad1, ua.lviv.home.JavaProject.domain.Subject@11282dc4, ua.lviv.home.JavaProject.domain.Subject@73cf7200]}
2020-05-22 18:45:45 [http-nio-8081-exec-10] DEBUG o.s.web.servlet.view.JstlView - Forwarding to [/createSubjects.jsp]
2020-05-22 18:45:45 [http-nio-8081-exec-10] DEBUG o.s.web.servlet.DispatcherServlet - Completed 200 OK
2020-05-22 18:45:45 [http-nio-8081-exec-1] DEBUG o.s.web.servlet.DispatcherServlet - GET "/css/error.css", parameters={}
2020-05-22 18:45:45 [http-nio-8081-exec-9] DEBUG o.s.web.servlet.DispatcherServlet - GET "/css/createLook.css", parameters={}
2020-05-22 18:45:45 [http-nio-8081-exec-3] DEBUG o.s.web.servlet.DispatcherServlet - GET "/js/lang.js", parameters={}
2020-05-22 18:45:45 [http-nio-8081-exec-1] DEBUG o.s.w.s.h.SimpleUrlHandlerMapping - Mapped to ResourceHttpRequestHandler ["classpath:/META-INF/resources/", "classpath:/resources/", "classpath:/static/", "classpath:/public/", "/"]
2020-05-22 18:45:45 [http-nio-8081-exec-9] DEBUG o.s.w.s.h.SimpleUrlHandlerMapping - Mapped to ResourceHttpRequestHandler ["classpath:/META-INF/resources/", "classpath:/resources/", "classpath:/static/", "classpath:/public/", "/"]
2020-05-22 18:45:45 [http-nio-8081-exec-3] DEBUG o.s.w.s.h.SimpleUrlHandlerMapping - Mapped to ResourceHttpRequestHandler ["classpath:/META-INF/resources/", "classpath:/resources/", "classpath:/static/", "classpath:/public/", "/"]
2020-05-22 18:45:45 [http-nio-8081-exec-9] DEBUG o.s.web.servlet.DispatcherServlet - Completed 200 OK
2020-05-22 18:45:45 [http-nio-8081-exec-1] DEBUG o.s.web.servlet.DispatcherServlet - Completed 200 OK
2020-05-22 18:45:45 [http-nio-8081-exec-3] DEBUG o.s.web.servlet.DispatcherServlet - Completed 200 OK
2020-05-22 18:46:55 [http-nio-8081-exec-10] DEBUG o.s.web.servlet.DispatcherServlet - POST "/subjects/save", parameters={masked}
2020-05-22 18:46:55 [http-nio-8081-exec-10] DEBUG o.s.w.s.m.m.a.RequestMappingHandlerMapping - Mapped to ua.lviv.home.JavaProject.controllers.SubjectController#save(Model, Subject, BindingResult)
2020-05-22 18:46:55 [http-nio-8081-exec-10] DEBUG o.s.web.servlet.view.RedirectView - View name 'redirect:', model {}
2020-05-22 18:46:55 [http-nio-8081-exec-10] DEBUG o.s.web.servlet.DispatcherServlet - Completed 302 FOUND
2020-05-22 18:46:55 [http-nio-8081-exec-10] DEBUG o.s.web.servlet.DispatcherServlet - GET "/subjects/create?success", parameters={masked}
2020-05-22 18:46:55 [http-nio-8081-exec-10] DEBUG o.s.w.s.m.m.a.RequestMappingHandlerMapping - Mapped to ua.lviv.home.JavaProject.controllers.SubjectController#create(Model)
2020-05-22 18:46:55 [http-nio-8081-exec-10] DEBUG o.s.web.servlet.view.JstlView - View name 'createSubjects', model {subjectDto=ua.lviv.home.JavaProject.domain.Subject@697d53e3, subjects=[ua.lviv.home.JavaProject.domain.Subject@53d33fb4, ua.lviv.home.JavaProject.domain.Subject@16b3f75e, ua.lviv.home.JavaProject.domain.Subject@340d8d3e, ua.lviv.home.JavaProject.domain.Subject@62bf7dfd, ua.lviv.home.JavaProject.domain.Subject@285bc081, ua.lviv.home.JavaProject.domain.Subject@215bdbd3, ua.lviv.home.JavaProject.domain.Subject@7967d6bb, ua.lviv.home.JavaProject.domain.Subject@60ae0cff], org.springframework.validation.BindingResult.subjectDto=org.springframework.validation.BeanPropertyBindingResult: 0 errors}
2020-05-22 18:46:55 [http-nio-8081-exec-10] DEBUG o.s.web.servlet.view.JstlView - Forwarding to [/createSubjects.jsp]
2020-05-22 18:46:55 [http-nio-8081-exec-10] DEBUG o.s.web.servlet.DispatcherServlet - Completed 200 OK
2020-05-22 18:46:55 [http-nio-8081-exec-9] DEBUG o.s.web.servlet.DispatcherServlet - GET "/css/error.css", parameters={}
2020-05-22 18:46:55 [http-nio-8081-exec-3] DEBUG o.s.web.servlet.DispatcherServlet - GET "/js/lang.js", parameters={}
2020-05-22 18:46:55 [http-nio-8081-exec-1] DEBUG o.s.web.servlet.DispatcherServlet - GET "/css/createLook.css", parameters={}
2020-05-22 18:46:55 [http-nio-8081-exec-9] DEBUG o.s.w.s.h.SimpleUrlHandlerMapping - Mapped to ResourceHttpRequestHandler ["classpath:/META-INF/resources/", "classpath:/resources/", "classpath:/static/", "classpath:/public/", "/"]
2020-05-22 18:46:55 [http-nio-8081-exec-3] DEBUG o.s.w.s.h.SimpleUrlHandlerMapping - Mapped to ResourceHttpRequestHandler ["classpath:/META-INF/resources/", "classpath:/resources/", "classpath:/static/", "classpath:/public/", "/"]
2020-05-22 18:46:55 [http-nio-8081-exec-1] DEBUG o.s.w.s.h.SimpleUrlHandlerMapping - Mapped to ResourceHttpRequestHandler ["classpath:/META-INF/resources/", "classpath:/resources/", "classpath:/static/", "classpath:/public/", "/"]
2020-05-22 18:46:55 [http-nio-8081-exec-9] DEBUG o.s.web.servlet.DispatcherServlet - Completed 200 OK
2020-05-22 18:46:55 [http-nio-8081-exec-3] DEBUG o.s.web.servlet.DispatcherServlet - Completed 200 OK
2020-05-22 18:46:55 [http-nio-8081-exec-1] DEBUG o.s.web.servlet.DispatcherServlet - Completed 200 OK
2020-05-22 18:47:03 [http-nio-8081-exec-5] DEBUG o.s.web.servlet.DispatcherServlet - GET "/specialities/create", parameters={}
2020-05-22 18:47:03 [http-nio-8081-exec-5] DEBUG o.s.w.s.m.m.a.RequestMappingHandlerMapping - Mapped to ua.lviv.home.JavaProject.controllers.SpecialityController#create(Model)
2020-05-22 18:47:03 [http-nio-8081-exec-5] DEBUG o.s.web.servlet.view.JstlView - View name 'createSpeciality', model {specialityDto=ua.lviv.home.JavaProject.domain.Speciality@599bb93f, specialities=[ua.lviv.home.JavaProject.domain.Speciality@7cdfa648, ua.lviv.home.JavaProject.domain.Speciality@25156b36, ua.lviv.home.JavaProject.domain.Speciality@daa6ce5], subjects=[ua.lviv.home.JavaProject.domain.Subject@3f50b22c, ua.lviv.home.JavaProject.domain.Subject@44ebde13, ua.lviv.home.JavaProject.domain.Subject@4811972a, ua.lviv.home.JavaProject.domain.Subject@71a5bc38, ua.lviv.home.JavaProject.domain.Subject@4bdea1f2, ua.lviv.home.JavaProject.domain.Subject@51dfe5dc, ua.lviv.home.JavaProject.domain.Subject@15b3900a, ua.lviv.home.JavaProject.domain.Subject@49abaaf8], org.springframework.validation.BindingResult.specialityDto=org.springframework.validation.BeanPropertyBindingResult: 0 errors}
2020-05-22 18:47:03 [http-nio-8081-exec-5] DEBUG o.s.web.servlet.view.JstlView - Forwarding to [/createSpeciality.jsp]
2020-05-22 18:47:03 [http-nio-8081-exec-5] DEBUG o.s.web.servlet.DispatcherServlet - Completed 200 OK
2020-05-22 18:47:03 [http-nio-8081-exec-8] DEBUG o.s.web.servlet.DispatcherServlet - GET "/css/createLook.css", parameters={}
2020-05-22 18:47:03 [http-nio-8081-exec-6] DEBUG o.s.web.servlet.DispatcherServlet - GET "/js/lang.js", parameters={}
2020-05-22 18:47:03 [http-nio-8081-exec-7] DEBUG o.s.web.servlet.DispatcherServlet - GET "/css/error.css", parameters={}
2020-05-22 18:47:03 [http-nio-8081-exec-6] DEBUG o.s.w.s.h.SimpleUrlHandlerMapping - Mapped to ResourceHttpRequestHandler ["classpath:/META-INF/resources/", "classpath:/resources/", "classpath:/static/", "classpath:/public/", "/"]
2020-05-22 18:47:03 [http-nio-8081-exec-8] DEBUG o.s.w.s.h.SimpleUrlHandlerMapping - Mapped to ResourceHttpRequestHandler ["classpath:/META-INF/resources/", "classpath:/resources/", "classpath:/static/", "classpath:/public/", "/"]
2020-05-22 18:47:03 [http-nio-8081-exec-7] DEBUG o.s.w.s.h.SimpleUrlHandlerMapping - Mapped to ResourceHttpRequestHandler ["classpath:/META-INF/resources/", "classpath:/resources/", "classpath:/static/", "classpath:/public/", "/"]
2020-05-22 18:47:03 [http-nio-8081-exec-8] DEBUG o.s.web.servlet.DispatcherServlet - Completed 200 OK
2020-05-22 18:47:03 [http-nio-8081-exec-6] DEBUG o.s.web.servlet.DispatcherServlet - Completed 200 OK
2020-05-22 18:47:03 [http-nio-8081-exec-7] DEBUG o.s.web.servlet.DispatcherServlet - Completed 200 OK
2020-05-22 18:47:05 [http-nio-8081-exec-2] DEBUG o.s.web.servlet.DispatcherServlet - POST "/specialities/save", parameters={masked}
2020-05-22 18:47:05 [http-nio-8081-exec-2] DEBUG o.s.w.s.m.m.a.RequestMappingHandlerMapping - Mapped to ua.lviv.home.JavaProject.controllers.SpecialityController#save(Model, Speciality, BindingResult, List)
2020-05-22 18:47:05 [http-nio-8081-exec-2] DEBUG o.s.web.servlet.view.JstlView - View name 'createSpeciality', model {specialityDto=ua.lviv.home.JavaProject.domain.Speciality@6986042e, org.springframework.validation.BindingResult.specialityDto=org.springframework.validation.BeanPropertyBindingResult: 1 errors
Field error in object 'specialityDto' on field 'title': rejected value []; codes [empty.specialityDto.title,empty.title,empty.java.lang.String,empty]; arguments []; default message [null], specialities=[ua.lviv.home.JavaProject.domain.Speciality@161765b0, ua.lviv.home.JavaProject.domain.Speciality@771e1dff, ua.lviv.home.JavaProject.domain.Speciality@57b1b04c], subjects=[ua.lviv.home.JavaProject.domain.Subject@265080dc, ua.lviv.home.JavaProject.domain.Subject@6883558b, ua.lviv.home.JavaProject.domain.Subject@bc79692, ua.lviv.home.JavaProject.domain.Subject@1c9582f9, ua.lviv.home.JavaProject.domain.Subject@778b1cd, ua.lviv.home.JavaProject.domain.Subject@75a583a4, ua.lviv.home.JavaProject.domain.Subject@42e1f884, ua.lviv.home.JavaProject.domain.Subject@72d3386b]}
2020-05-22 18:47:05 [http-nio-8081-exec-2] DEBUG o.s.web.servlet.view.JstlView - Forwarding to [/createSpeciality.jsp]
2020-05-22 18:47:05 [http-nio-8081-exec-2] DEBUG o.s.web.servlet.DispatcherServlet - Completed 200 OK
2020-05-22 18:47:05 [http-nio-8081-exec-10] DEBUG o.s.web.servlet.DispatcherServlet - GET "/css/error.css", parameters={}
2020-05-22 18:47:05 [http-nio-8081-exec-4] DEBUG o.s.web.servlet.DispatcherServlet - GET "/css/createLook.css", parameters={}
2020-05-22 18:47:05 [http-nio-8081-exec-1] DEBUG o.s.web.servlet.DispatcherServlet - GET "/js/lang.js", parameters={}
2020-05-22 18:47:05 [http-nio-8081-exec-4] DEBUG o.s.w.s.h.SimpleUrlHandlerMapping - Mapped to ResourceHttpRequestHandler ["classpath:/META-INF/resources/", "classpath:/resources/", "classpath:/static/", "classpath:/public/", "/"]
2020-05-22 18:47:05 [http-nio-8081-exec-10] DEBUG o.s.w.s.h.SimpleUrlHandlerMapping - Mapped to ResourceHttpRequestHandler ["classpath:/META-INF/resources/", "classpath:/resources/", "classpath:/static/", "classpath:/public/", "/"]
2020-05-22 18:47:05 [http-nio-8081-exec-1] DEBUG o.s.w.s.h.SimpleUrlHandlerMapping - Mapped to ResourceHttpRequestHandler ["classpath:/META-INF/resources/", "classpath:/resources/", "classpath:/static/", "classpath:/public/", "/"]
2020-05-22 18:47:05 [http-nio-8081-exec-10] DEBUG o.s.web.servlet.DispatcherServlet - Completed 200 OK
2020-05-22 18:47:05 [http-nio-8081-exec-4] DEBUG o.s.web.servlet.DispatcherServlet - Completed 200 OK
2020-05-22 18:47:05 [http-nio-8081-exec-1] DEBUG o.s.web.servlet.DispatcherServlet - Completed 200 OK
2020-05-22 18:47:08 [http-nio-8081-exec-9] DEBUG o.s.web.servlet.DispatcherServlet - GET "/specialities/create", parameters={}
2020-05-22 18:47:08 [http-nio-8081-exec-9] DEBUG o.s.w.s.m.m.a.RequestMappingHandlerMapping - Mapped to ua.lviv.home.JavaProject.controllers.SpecialityController#create(Model)
2020-05-22 18:47:08 [http-nio-8081-exec-9] DEBUG o.s.web.servlet.view.JstlView - View name 'createSpeciality', model {specialityDto=ua.lviv.home.JavaProject.domain.Speciality@3de57610, specialities=[ua.lviv.home.JavaProject.domain.Speciality@7f3e9c42, ua.lviv.home.JavaProject.domain.Speciality@6c995142, ua.lviv.home.JavaProject.domain.Speciality@4e0ba2f6], subjects=[ua.lviv.home.JavaProject.domain.Subject@70f5d379, ua.lviv.home.JavaProject.domain.Subject@6b76167f, ua.lviv.home.JavaProject.domain.Subject@c0ba194, ua.lviv.home.JavaProject.domain.Subject@28886d0f, ua.lviv.home.JavaProject.domain.Subject@76b81d7c, ua.lviv.home.JavaProject.domain.Subject@2d26383a, ua.lviv.home.JavaProject.domain.Subject@7c703b0b, ua.lviv.home.JavaProject.domain.Subject@17fbc19f], org.springframework.validation.BindingResult.specialityDto=org.springframework.validation.BeanPropertyBindingResult: 0 errors}
2020-05-22 18:47:08 [http-nio-8081-exec-9] DEBUG o.s.web.servlet.view.JstlView - Forwarding to [/createSpeciality.jsp]
2020-05-22 18:47:08 [http-nio-8081-exec-9] DEBUG o.s.web.servlet.DispatcherServlet - Completed 200 OK
2020-05-22 18:47:08 [http-nio-8081-exec-5] DEBUG o.s.web.servlet.DispatcherServlet - GET "/css/error.css", parameters={}
2020-05-22 18:47:08 [http-nio-8081-exec-3] DEBUG o.s.web.servlet.DispatcherServlet - GET "/css/createLook.css", parameters={}
2020-05-22 18:47:08 [http-nio-8081-exec-7] DEBUG o.s.web.servlet.DispatcherServlet - GET "/js/lang.js", parameters={}
2020-05-22 18:47:08 [http-nio-8081-exec-7] DEBUG o.s.w.s.h.SimpleUrlHandlerMapping - Mapped to ResourceHttpRequestHandler ["classpath:/META-INF/resources/", "classpath:/resources/", "classpath:/static/", "classpath:/public/", "/"]
2020-05-22 18:47:08 [http-nio-8081-exec-5] DEBUG o.s.w.s.h.SimpleUrlHandlerMapping - Mapped to ResourceHttpRequestHandler ["classpath:/META-INF/resources/", "classpath:/resources/", "classpath:/static/", "classpath:/public/", "/"]
2020-05-22 18:47:08 [http-nio-8081-exec-3] DEBUG o.s.w.s.h.SimpleUrlHandlerMapping - Mapped to ResourceHttpRequestHandler ["classpath:/META-INF/resources/", "classpath:/resources/", "classpath:/static/", "classpath:/public/", "/"]
2020-05-22 18:47:08 [http-nio-8081-exec-5] DEBUG o.s.web.servlet.DispatcherServlet - Completed 200 OK
2020-05-22 18:47:08 [http-nio-8081-exec-7] DEBUG o.s.web.servlet.DispatcherServlet - Completed 200 OK
2020-05-22 18:47:08 [http-nio-8081-exec-3] DEBUG o.s.web.servlet.DispatcherServlet - Completed 200 OK
2020-05-22 18:47:11 [http-nio-8081-exec-8] DEBUG o.s.web.servlet.DispatcherServlet - GET "/faculties/create", parameters={}
2020-05-22 18:47:11 [http-nio-8081-exec-8] DEBUG o.s.w.s.m.m.a.RequestMappingHandlerMapping - Mapped to ua.lviv.home.JavaProject.controllers.FacultiesController#create(Model)
2020-05-22 18:47:11 [http-nio-8081-exec-8] DEBUG o.s.web.servlet.view.JstlView - View name 'createFaculty', model {facultyDto=ua.lviv.home.JavaProject.domain.Faculty@1cda63de, specialities=[ua.lviv.home.JavaProject.domain.Speciality@4b9b7f66, ua.lviv.home.JavaProject.domain.Speciality@43afd937, ua.lviv.home.JavaProject.domain.Speciality@7a1a5082], faculties=[ua.lviv.home.JavaProject.domain.Faculty@31b220cd, ua.lviv.home.JavaProject.domain.Faculty@14618e68, ua.lviv.home.JavaProject.domain.Faculty@6d1b603f], org.springframework.validation.BindingResult.facultyDto=org.springframework.validation.BeanPropertyBindingResult: 0 errors}
2020-05-22 18:47:11 [http-nio-8081-exec-8] DEBUG o.s.web.servlet.view.JstlView - Forwarding to [/createFaculty.jsp]
2020-05-22 18:47:11 [http-nio-8081-exec-8] DEBUG o.s.web.servlet.DispatcherServlet - Completed 200 OK
2020-05-22 18:47:11 [http-nio-8081-exec-6] DEBUG o.s.web.servlet.DispatcherServlet - GET "/css/createLook.css", parameters={}
2020-05-22 18:47:11 [http-nio-8081-exec-4] DEBUG o.s.web.servlet.DispatcherServlet - GET "/js/lang.js", parameters={}
2020-05-22 18:47:11 [http-nio-8081-exec-6] DEBUG o.s.w.s.h.SimpleUrlHandlerMapping - Mapped to ResourceHttpRequestHandler ["classpath:/META-INF/resources/", "classpath:/resources/", "classpath:/static/", "classpath:/public/", "/"]
2020-05-22 18:47:11 [http-nio-8081-exec-2] DEBUG o.s.web.servlet.DispatcherServlet - GET "/css/error.css", parameters={}
2020-05-22 18:47:11 [http-nio-8081-exec-4] DEBUG o.s.w.s.h.SimpleUrlHandlerMapping - Mapped to ResourceHttpRequestHandler ["classpath:/META-INF/resources/", "classpath:/resources/", "classpath:/static/", "classpath:/public/", "/"]
2020-05-22 18:47:11 [http-nio-8081-exec-2] DEBUG o.s.w.s.h.SimpleUrlHandlerMapping - Mapped to ResourceHttpRequestHandler ["classpath:/META-INF/resources/", "classpath:/resources/", "classpath:/static/", "classpath:/public/", "/"]
2020-05-22 18:47:11 [http-nio-8081-exec-6] DEBUG o.s.web.servlet.DispatcherServlet - Completed 200 OK
2020-05-22 18:47:11 [http-nio-8081-exec-4] DEBUG o.s.web.servlet.DispatcherServlet - Completed 200 OK
2020-05-22 18:47:11 [http-nio-8081-exec-2] DEBUG o.s.web.servlet.DispatcherServlet - Completed 200 OK
2020-05-22 18:47:13 [http-nio-8081-exec-10] DEBUG o.s.web.servlet.DispatcherServlet - POST "/faculty/save", parameters={masked}
2020-05-22 18:47:13 [http-nio-8081-exec-10] DEBUG o.s.w.s.m.m.a.RequestMappingHandlerMapping - Mapped to ua.lviv.home.JavaProject.controllers.FacultiesController#save(Model, Faculty, BindingResult)
2020-05-22 18:47:13 [http-nio-8081-exec-10] DEBUG o.s.web.servlet.view.JstlView - View name 'createFaculty', model {facultyDto=ua.lviv.home.JavaProject.domain.Faculty@c8c9cf2, org.springframework.validation.BindingResult.facultyDto=org.springframework.validation.BeanPropertyBindingResult: 1 errors
Field error in object 'facultyDto' on field 'name': rejected value []; codes [empty.facultyDto.name,empty.name,empty.java.lang.String,empty]; arguments []; default message [null], faculties=[ua.lviv.home.JavaProject.domain.Faculty@535d5288, ua.lviv.home.JavaProject.domain.Faculty@15e311cf, ua.lviv.home.JavaProject.domain.Faculty@846e607], specialities=[ua.lviv.home.JavaProject.domain.Speciality@7d5180b2, ua.lviv.home.JavaProject.domain.Speciality@1ee93967, ua.lviv.home.JavaProject.domain.Speciality@7c9b4fca]}
2020-05-22 18:47:13 [http-nio-8081-exec-10] DEBUG o.s.web.servlet.view.JstlView - Forwarding to [/createFaculty.jsp]
2020-05-22 18:47:13 [http-nio-8081-exec-10] DEBUG o.s.web.servlet.DispatcherServlet - Completed 200 OK
2020-05-22 18:47:13 [http-nio-8081-exec-5] DEBUG o.s.web.servlet.DispatcherServlet - GET "/js/lang.js", parameters={}
2020-05-22 18:47:13 [http-nio-8081-exec-1] DEBUG o.s.web.servlet.DispatcherServlet - GET "/css/createLook.css", parameters={}
2020-05-22 18:47:13 [http-nio-8081-exec-9] DEBUG o.s.web.servlet.DispatcherServlet - GET "/css/error.css", parameters={}
2020-05-22 18:47:13 [http-nio-8081-exec-5] DEBUG o.s.w.s.h.SimpleUrlHandlerMapping - Mapped to ResourceHttpRequestHandler ["classpath:/META-INF/resources/", "classpath:/resources/", "classpath:/static/", "classpath:/public/", "/"]
2020-05-22 18:47:13 [http-nio-8081-exec-1] DEBUG o.s.w.s.h.SimpleUrlHandlerMapping - Mapped to ResourceHttpRequestHandler ["classpath:/META-INF/resources/", "classpath:/resources/", "classpath:/static/", "classpath:/public/", "/"]
2020-05-22 18:47:13 [http-nio-8081-exec-9] DEBUG o.s.w.s.h.SimpleUrlHandlerMapping - Mapped to ResourceHttpRequestHandler ["classpath:/META-INF/resources/", "classpath:/resources/", "classpath:/static/", "classpath:/public/", "/"]
2020-05-22 18:47:13 [http-nio-8081-exec-9] DEBUG o.s.web.servlet.DispatcherServlet - Completed 200 OK
2020-05-22 18:47:13 [http-nio-8081-exec-5] DEBUG o.s.web.servlet.DispatcherServlet - Completed 200 OK
2020-05-22 18:47:13 [http-nio-8081-exec-1] DEBUG o.s.web.servlet.DispatcherServlet - Completed 200 OK
2020-05-22 18:47:15 [http-nio-8081-exec-7] DEBUG o.s.web.servlet.DispatcherServlet - GET "/subjects/create", parameters={}
2020-05-22 18:47:15 [http-nio-8081-exec-7] DEBUG o.s.w.s.m.m.a.RequestMappingHandlerMapping - Mapped to ua.lviv.home.JavaProject.controllers.SubjectController#create(Model)
2020-05-22 18:47:15 [http-nio-8081-exec-7] DEBUG o.s.web.servlet.view.JstlView - View name 'createSubjects', model {subjectDto=ua.lviv.home.JavaProject.domain.Subject@1017994c, subjects=[ua.lviv.home.JavaProject.domain.Subject@4b98d168, ua.lviv.home.JavaProject.domain.Subject@15a730d6, ua.lviv.home.JavaProject.domain.Subject@27baacc2, ua.lviv.home.JavaProject.domain.Subject@3805c75, ua.lviv.home.JavaProject.domain.Subject@e1edefc, ua.lviv.home.JavaProject.domain.Subject@22936e69, ua.lviv.home.JavaProject.domain.Subject@50bd0a45, ua.lviv.home.JavaProject.domain.Subject@51df87d3], org.springframework.validation.BindingResult.subjectDto=org.springframework.validation.BeanPropertyBindingResult: 0 errors}
2020-05-22 18:47:15 [http-nio-8081-exec-7] DEBUG o.s.web.servlet.view.JstlView - Forwarding to [/createSubjects.jsp]
2020-05-22 18:47:15 [http-nio-8081-exec-7] DEBUG o.s.web.servlet.DispatcherServlet - Completed 200 OK
2020-05-22 18:47:15 [http-nio-8081-exec-3] DEBUG o.s.web.servlet.DispatcherServlet - GET "/css/createLook.css", parameters={}
2020-05-22 18:47:15 [http-nio-8081-exec-8] DEBUG o.s.web.servlet.DispatcherServlet - GET "/css/error.css", parameters={}
2020-05-22 18:47:15 [http-nio-8081-exec-6] DEBUG o.s.web.servlet.DispatcherServlet - GET "/js/lang.js", parameters={}
2020-05-22 18:47:15 [http-nio-8081-exec-8] DEBUG o.s.w.s.h.SimpleUrlHandlerMapping - Mapped to ResourceHttpRequestHandler ["classpath:/META-INF/resources/", "classpath:/resources/", "classpath:/static/", "classpath:/public/", "/"]
2020-05-22 18:47:15 [http-nio-8081-exec-3] DEBUG o.s.w.s.h.SimpleUrlHandlerMapping - Mapped to ResourceHttpRequestHandler ["classpath:/META-INF/resources/", "classpath:/resources/", "classpath:/static/", "classpath:/public/", "/"]
2020-05-22 18:47:15 [http-nio-8081-exec-6] DEBUG o.s.w.s.h.SimpleUrlHandlerMapping - Mapped to ResourceHttpRequestHandler ["classpath:/META-INF/resources/", "classpath:/resources/", "classpath:/static/", "classpath:/public/", "/"]
2020-05-22 18:47:15 [http-nio-8081-exec-8] DEBUG o.s.web.servlet.DispatcherServlet - Completed 200 OK
2020-05-22 18:47:15 [http-nio-8081-exec-3] DEBUG o.s.web.servlet.DispatcherServlet - Completed 200 OK
2020-05-22 18:47:15 [http-nio-8081-exec-6] DEBUG o.s.web.servlet.DispatcherServlet - Completed 200 OK
2020-05-22 18:47:19 [http-nio-8081-exec-4] DEBUG o.s.web.servlet.DispatcherServlet - GET "/raiting", parameters={}
2020-05-22 18:47:19 [http-nio-8081-exec-4] DEBUG o.s.w.s.h.SimpleUrlHandlerMapping - Mapped to ResourceHttpRequestHandler ["classpath:/META-INF/resources/", "classpath:/resources/", "classpath:/static/", "classpath:/public/", "/"]
2020-05-22 18:47:19 [http-nio-8081-exec-4] DEBUG o.s.w.s.r.ResourceHttpRequestHandler - Resource not found
2020-05-22 18:47:19 [http-nio-8081-exec-4] DEBUG o.s.web.servlet.DispatcherServlet - Completed 404 NOT_FOUND
2020-05-22 18:47:19 [http-nio-8081-exec-4] DEBUG o.s.web.servlet.DispatcherServlet - "ERROR" dispatch for GET "/error", parameters={}
2020-05-22 18:47:19 [http-nio-8081-exec-4] DEBUG o.s.w.s.m.m.a.RequestMappingHandlerMapping - Mapped to org.springframework.boot.autoconfigure.web.servlet.error.BasicErrorController#errorHtml(HttpServletRequest, HttpServletResponse)
2020-05-22 18:47:19 [http-nio-8081-exec-4] DEBUG o.s.web.servlet.DispatcherServlet - Exiting from "ERROR" dispatch, status 404
2020-05-22 18:48:14 [main] DEBUG o.s.web.context.ContextLoader - Published root WebApplicationContext as ServletContext attribute with name [org.springframework.web.context.WebApplicationContext.ROOT]
2020-05-22 18:48:14 [main]  INFO o.s.web.context.ContextLoader - Root WebApplicationContext: initialization completed in 1828 ms
2020-05-22 18:48:17 [main] DEBUG o.s.w.s.m.m.a.RequestMappingHandlerAdapter - ControllerAdvice beans: 0 @ModelAttribute, 0 @InitBinder, 1 RequestBodyAdvice, 1 ResponseBodyAdvice
2020-05-22 18:48:17 [main] DEBUG o.s.w.s.m.m.a.RequestMappingHandlerMapping - 29 mappings in 'requestMappingHandlerMapping'
2020-05-22 18:48:17 [main] DEBUG o.s.w.s.h.SimpleUrlHandlerMapping - Patterns [/, /home, /registration, /login, /403] in 'viewControllerHandlerMapping'
2020-05-22 18:48:17 [main] DEBUG o.s.w.s.h.SimpleUrlHandlerMapping - Patterns [/webjars/**, /**] in 'resourceHandlerMapping'
2020-05-22 18:48:17 [main] DEBUG o.s.w.s.m.m.a.ExceptionHandlerExceptionResolver - ControllerAdvice beans: 0 @ExceptionHandler, 1 ResponseBodyAdvice
2020-05-22 18:48:38 [http-nio-8081-exec-1]  INFO o.s.web.servlet.DispatcherServlet - Initializing Servlet 'dispatcherServlet'
2020-05-22 18:48:38 [http-nio-8081-exec-1] DEBUG o.s.web.servlet.DispatcherServlet - Detected StandardServletMultipartResolver
2020-05-22 18:48:38 [http-nio-8081-exec-1] DEBUG o.s.web.servlet.DispatcherServlet - Detected SessionLocaleResolver
2020-05-22 18:48:38 [http-nio-8081-exec-1] DEBUG o.s.web.servlet.DispatcherServlet - enableLoggingRequestDetails='false': request parameters and headers will be masked to prevent unsafe logging of potentially sensitive data
2020-05-22 18:48:38 [http-nio-8081-exec-1]  INFO o.s.web.servlet.DispatcherServlet - Completed initialization in 8 ms
2020-05-22 18:48:38 [http-nio-8081-exec-1] DEBUG o.s.web.servlet.DispatcherServlet - GET "/", parameters={}
2020-05-22 18:48:38 [http-nio-8081-exec-1] DEBUG o.s.w.s.m.m.a.RequestMappingHandlerMapping - Mapped to ua.lviv.home.JavaProject.controllers.HomePageController#homePage(Model)
2020-05-22 18:48:38 [http-nio-8081-exec-1] DEBUG o.s.web.servlet.view.JstlView - View name 'home', model {faculties=[ua.lviv.home.JavaProject.domain.Faculty@68ad1443, ua.lviv.home.JavaProject.domain.Faculty@57598509, ua.lviv.home.JavaProject.domain.Faculty@16fd905b]}
2020-05-22 18:48:38 [http-nio-8081-exec-1] DEBUG o.s.web.servlet.view.JstlView - Forwarding to [/home.jsp]
2020-05-22 18:48:39 [http-nio-8081-exec-1] DEBUG o.s.web.servlet.DispatcherServlet - Completed 200 OK
2020-05-22 18:48:39 [http-nio-8081-exec-2] DEBUG o.s.web.servlet.DispatcherServlet - GET "/css/home.css", parameters={}
2020-05-22 18:48:39 [http-nio-8081-exec-3] DEBUG o.s.web.servlet.DispatcherServlet - GET "/js/lang.js", parameters={}
2020-05-22 18:48:39 [http-nio-8081-exec-2] DEBUG o.s.w.s.h.SimpleUrlHandlerMapping - Mapped to ResourceHttpRequestHandler ["classpath:/META-INF/resources/", "classpath:/resources/", "classpath:/static/", "classpath:/public/", "/"]
2020-05-22 18:48:39 [http-nio-8081-exec-3] DEBUG o.s.w.s.h.SimpleUrlHandlerMapping - Mapped to ResourceHttpRequestHandler ["classpath:/META-INF/resources/", "classpath:/resources/", "classpath:/static/", "classpath:/public/", "/"]
2020-05-22 18:48:39 [http-nio-8081-exec-7] DEBUG o.s.web.servlet.DispatcherServlet - GET "/img/faculty1.gif", parameters={}
2020-05-22 18:48:39 [http-nio-8081-exec-6] DEBUG o.s.web.servlet.DispatcherServlet - GET "/img/front3.jpg", parameters={}
2020-05-22 18:48:39 [http-nio-8081-exec-4] DEBUG o.s.web.servlet.DispatcherServlet - GET "/img/front1.jpg", parameters={}
2020-05-22 18:48:39 [http-nio-8081-exec-5] DEBUG o.s.web.servlet.DispatcherServlet - GET "/img/front2.jpg", parameters={}
2020-05-22 18:48:39 [http-nio-8081-exec-7] DEBUG o.s.w.s.h.SimpleUrlHandlerMapping - Mapped to ResourceHttpRequestHandler ["classpath:/META-INF/resources/", "classpath:/resources/", "classpath:/static/", "classpath:/public/", "/"]
2020-05-22 18:48:39 [http-nio-8081-exec-6] DEBUG o.s.w.s.h.SimpleUrlHandlerMapping - Mapped to ResourceHttpRequestHandler ["classpath:/META-INF/resources/", "classpath:/resources/", "classpath:/static/", "classpath:/public/", "/"]
2020-05-22 18:48:39 [http-nio-8081-exec-5] DEBUG o.s.w.s.h.SimpleUrlHandlerMapping - Mapped to ResourceHttpRequestHandler ["classpath:/META-INF/resources/", "classpath:/resources/", "classpath:/static/", "classpath:/public/", "/"]
2020-05-22 18:48:39 [http-nio-8081-exec-4] DEBUG o.s.w.s.h.SimpleUrlHandlerMapping - Mapped to ResourceHttpRequestHandler ["classpath:/META-INF/resources/", "classpath:/resources/", "classpath:/static/", "classpath:/public/", "/"]
2020-05-22 18:48:39 [http-nio-8081-exec-2] DEBUG o.s.web.servlet.DispatcherServlet - Completed 200 OK
2020-05-22 18:48:39 [http-nio-8081-exec-7] DEBUG o.s.web.servlet.DispatcherServlet - Completed 200 OK
2020-05-22 18:48:39 [http-nio-8081-exec-3] DEBUG o.s.web.servlet.DispatcherServlet - Completed 200 OK
2020-05-22 18:48:39 [http-nio-8081-exec-9] DEBUG o.s.web.servlet.DispatcherServlet - GET "/img/faculty3.jpg", parameters={}
2020-05-22 18:48:39 [http-nio-8081-exec-8] DEBUG o.s.web.servlet.DispatcherServlet - GET "/img/faculty2.png", parameters={}
2020-05-22 18:48:39 [http-nio-8081-exec-4] DEBUG o.s.web.servlet.DispatcherServlet - Completed 200 OK
2020-05-22 18:48:39 [http-nio-8081-exec-8] DEBUG o.s.w.s.h.SimpleUrlHandlerMapping - Mapped to ResourceHttpRequestHandler ["classpath:/META-INF/resources/", "classpath:/resources/", "classpath:/static/", "classpath:/public/", "/"]
2020-05-22 18:48:39 [http-nio-8081-exec-9] DEBUG o.s.w.s.h.SimpleUrlHandlerMapping - Mapped to ResourceHttpRequestHandler ["classpath:/META-INF/resources/", "classpath:/resources/", "classpath:/static/", "classpath:/public/", "/"]
2020-05-22 18:48:39 [http-nio-8081-exec-6] DEBUG o.s.web.servlet.DispatcherServlet - Completed 200 OK
2020-05-22 18:48:39 [http-nio-8081-exec-9] DEBUG o.s.web.servlet.DispatcherServlet - Completed 200 OK
2020-05-22 18:48:39 [http-nio-8081-exec-8] DEBUG o.s.web.servlet.DispatcherServlet - Completed 200 OK
2020-05-22 18:48:39 [http-nio-8081-exec-5] DEBUG o.s.web.servlet.DispatcherServlet - Completed 200 OK
2020-05-22 18:48:46 [http-nio-8081-exec-10] DEBUG o.s.web.servlet.DispatcherServlet - GET "/login", parameters={}
2020-05-22 18:48:46 [http-nio-8081-exec-10] DEBUG o.s.w.s.h.SimpleUrlHandlerMapping - Mapped to ParameterizableViewController [view="login"]
2020-05-22 18:48:46 [http-nio-8081-exec-10] DEBUG o.s.web.servlet.view.JstlView - View name 'login', model {}
2020-05-22 18:48:46 [http-nio-8081-exec-10] DEBUG o.s.web.servlet.view.JstlView - Forwarding to [/login.jsp]
2020-05-22 18:48:46 [http-nio-8081-exec-10] DEBUG o.s.web.servlet.DispatcherServlet - Completed 200 OK
2020-05-22 18:48:46 [http-nio-8081-exec-1] DEBUG o.s.web.servlet.DispatcherServlet - GET "/css/login.css", parameters={}
2020-05-22 18:48:46 [http-nio-8081-exec-2] DEBUG o.s.web.servlet.DispatcherServlet - GET "/js/lang.js", parameters={}
2020-05-22 18:48:46 [http-nio-8081-exec-1] DEBUG o.s.w.s.h.SimpleUrlHandlerMapping - Mapped to ResourceHttpRequestHandler ["classpath:/META-INF/resources/", "classpath:/resources/", "classpath:/static/", "classpath:/public/", "/"]
2020-05-22 18:48:46 [http-nio-8081-exec-2] DEBUG o.s.w.s.h.SimpleUrlHandlerMapping - Mapped to ResourceHttpRequestHandler ["classpath:/META-INF/resources/", "classpath:/resources/", "classpath:/static/", "classpath:/public/", "/"]
2020-05-22 18:48:46 [http-nio-8081-exec-1] DEBUG o.s.web.servlet.DispatcherServlet - Completed 200 OK
2020-05-22 18:48:46 [http-nio-8081-exec-2] DEBUG o.s.web.servlet.DispatcherServlet - Completed 200 OK
2020-05-22 18:48:52 [http-nio-8081-exec-3] DEBUG o.s.web.servlet.DispatcherServlet - GET "/home", parameters={}
2020-05-22 18:48:52 [http-nio-8081-exec-3] DEBUG o.s.w.s.h.SimpleUrlHandlerMapping - Mapped to ParameterizableViewController [view="home"]
2020-05-22 18:48:52 [http-nio-8081-exec-3] DEBUG o.s.web.servlet.view.JstlView - View name 'home', model {}
2020-05-22 18:48:52 [http-nio-8081-exec-3] DEBUG o.s.web.servlet.view.JstlView - Forwarding to [/home.jsp]
2020-05-22 18:48:52 [http-nio-8081-exec-3] DEBUG o.s.web.servlet.DispatcherServlet - Completed 200 OK
2020-05-22 18:48:52 [http-nio-8081-exec-4] DEBUG o.s.web.servlet.DispatcherServlet - GET "/css/home.css", parameters={}
2020-05-22 18:48:52 [http-nio-8081-exec-4] DEBUG o.s.w.s.h.SimpleUrlHandlerMapping - Mapped to ResourceHttpRequestHandler ["classpath:/META-INF/resources/", "classpath:/resources/", "classpath:/static/", "classpath:/public/", "/"]
2020-05-22 18:48:52 [http-nio-8081-exec-6] DEBUG o.s.web.servlet.DispatcherServlet - GET "/js/lang.js", parameters={}
2020-05-22 18:48:52 [http-nio-8081-exec-6] DEBUG o.s.w.s.h.SimpleUrlHandlerMapping - Mapped to ResourceHttpRequestHandler ["classpath:/META-INF/resources/", "classpath:/resources/", "classpath:/static/", "classpath:/public/", "/"]
2020-05-22 18:48:52 [http-nio-8081-exec-9] DEBUG o.s.web.servlet.DispatcherServlet - GET "/img/front1.jpg", parameters={}
2020-05-22 18:48:52 [http-nio-8081-exec-9] DEBUG o.s.w.s.h.SimpleUrlHandlerMapping - Mapped to ResourceHttpRequestHandler ["classpath:/META-INF/resources/", "classpath:/resources/", "classpath:/static/", "classpath:/public/", "/"]
2020-05-22 18:48:52 [http-nio-8081-exec-4] DEBUG o.s.web.servlet.DispatcherServlet - Completed 200 OK
2020-05-22 18:48:52 [http-nio-8081-exec-5] DEBUG o.s.web.servlet.DispatcherServlet - GET "/img/front3.jpg", parameters={}
2020-05-22 18:48:52 [http-nio-8081-exec-10] DEBUG o.s.web.servlet.DispatcherServlet - GET "/img/faculty1.gif", parameters={}
2020-05-22 18:48:52 [http-nio-8081-exec-8] DEBUG o.s.web.servlet.DispatcherServlet - GET "/img/front2.jpg", parameters={}
2020-05-22 18:48:52 [http-nio-8081-exec-6] DEBUG o.s.web.servlet.DispatcherServlet - Completed 200 OK
2020-05-22 18:48:52 [http-nio-8081-exec-5] DEBUG o.s.w.s.h.SimpleUrlHandlerMapping - Mapped to ResourceHttpRequestHandler ["classpath:/META-INF/resources/", "classpath:/resources/", "classpath:/static/", "classpath:/public/", "/"]
2020-05-22 18:48:52 [http-nio-8081-exec-10] DEBUG o.s.w.s.h.SimpleUrlHandlerMapping - Mapped to ResourceHttpRequestHandler ["classpath:/META-INF/resources/", "classpath:/resources/", "classpath:/static/", "classpath:/public/", "/"]
2020-05-22 18:48:52 [http-nio-8081-exec-8] DEBUG o.s.w.s.h.SimpleUrlHandlerMapping - Mapped to ResourceHttpRequestHandler ["classpath:/META-INF/resources/", "classpath:/resources/", "classpath:/static/", "classpath:/public/", "/"]
2020-05-22 18:48:52 [http-nio-8081-exec-1] DEBUG o.s.web.servlet.DispatcherServlet - GET "/img/faculty2.png", parameters={}
2020-05-22 18:48:52 [http-nio-8081-exec-1] DEBUG o.s.w.s.h.SimpleUrlHandlerMapping - Mapped to ResourceHttpRequestHandler ["classpath:/META-INF/resources/", "classpath:/resources/", "classpath:/static/", "classpath:/public/", "/"]
2020-05-22 18:48:52 [http-nio-8081-exec-2] DEBUG o.s.web.servlet.DispatcherServlet - GET "/img/faculty3.jpg", parameters={}
2020-05-22 18:48:52 [http-nio-8081-exec-10] DEBUG o.s.web.servlet.DispatcherServlet - Completed 200 OK
2020-05-22 18:48:52 [http-nio-8081-exec-2] DEBUG o.s.w.s.h.SimpleUrlHandlerMapping - Mapped to ResourceHttpRequestHandler ["classpath:/META-INF/resources/", "classpath:/resources/", "classpath:/static/", "classpath:/public/", "/"]
2020-05-22 18:48:52 [http-nio-8081-exec-9] DEBUG o.s.web.servlet.DispatcherServlet - Completed 200 OK
2020-05-22 18:48:52 [http-nio-8081-exec-2] DEBUG o.s.web.servlet.DispatcherServlet - Completed 200 OK
2020-05-22 18:48:52 [http-nio-8081-exec-1] DEBUG o.s.web.servlet.DispatcherServlet - Completed 200 OK
2020-05-22 18:48:52 [http-nio-8081-exec-5] DEBUG o.s.web.servlet.DispatcherServlet - Completed 200 OK
2020-05-22 18:48:52 [http-nio-8081-exec-8] DEBUG o.s.web.servlet.DispatcherServlet - Completed 200 OK
2020-05-22 18:48:55 [http-nio-8081-exec-7] DEBUG o.s.web.servlet.DispatcherServlet - GET "/allUsers", parameters={}
2020-05-22 18:48:55 [http-nio-8081-exec-7] DEBUG o.s.w.s.m.m.a.RequestMappingHandlerMapping - Mapped to ua.lviv.home.JavaProject.controllers.UserController#allUsers(Model)
2020-05-22 18:48:55 [http-nio-8081-exec-7] DEBUG o.s.web.servlet.view.JstlView - View name 'usersList', model {users=[ua.lviv.home.JavaProject.domain.User@68c17926, ua.lviv.home.JavaProject.domain.User@5e82cd2b, ua.lviv.home.JavaProject.domain.User@1e694a08]}
2020-05-22 18:48:55 [http-nio-8081-exec-7] DEBUG o.s.web.servlet.view.JstlView - Forwarding to [/usersList.jsp]
2020-05-22 18:48:56 [http-nio-8081-exec-7] DEBUG o.s.web.servlet.DispatcherServlet - Completed 200 OK
2020-05-22 18:48:56 [http-nio-8081-exec-3] DEBUG o.s.web.servlet.DispatcherServlet - GET "/css/app.css", parameters={}
2020-05-22 18:48:56 [http-nio-8081-exec-4] DEBUG o.s.web.servlet.DispatcherServlet - GET "/js/lang.js", parameters={}
2020-05-22 18:48:56 [http-nio-8081-exec-3] DEBUG o.s.w.s.h.SimpleUrlHandlerMapping - Mapped to ResourceHttpRequestHandler ["classpath:/META-INF/resources/", "classpath:/resources/", "classpath:/static/", "classpath:/public/", "/"]
2020-05-22 18:48:56 [http-nio-8081-exec-6] DEBUG o.s.web.servlet.DispatcherServlet - GET "/js/usersList.js", parameters={}
2020-05-22 18:48:56 [http-nio-8081-exec-6] DEBUG o.s.w.s.h.SimpleUrlHandlerMapping - Mapped to ResourceHttpRequestHandler ["classpath:/META-INF/resources/", "classpath:/resources/", "classpath:/static/", "classpath:/public/", "/"]
2020-05-22 18:48:56 [http-nio-8081-exec-4] DEBUG o.s.w.s.h.SimpleUrlHandlerMapping - Mapped to ResourceHttpRequestHandler ["classpath:/META-INF/resources/", "classpath:/resources/", "classpath:/static/", "classpath:/public/", "/"]
2020-05-22 18:48:56 [http-nio-8081-exec-4] DEBUG o.s.web.servlet.DispatcherServlet - Completed 200 OK
2020-05-22 18:48:56 [http-nio-8081-exec-3] DEBUG o.s.web.servlet.DispatcherServlet - Completed 200 OK
2020-05-22 18:48:56 [http-nio-8081-exec-6] DEBUG o.s.web.servlet.DispatcherServlet - Completed 200 OK
2020-05-22 18:48:59 [http-nio-8081-exec-10] DEBUG o.s.web.servlet.DispatcherServlet - GET "/home", parameters={}
2020-05-22 18:48:59 [http-nio-8081-exec-10] DEBUG o.s.w.s.h.SimpleUrlHandlerMapping - Mapped to ParameterizableViewController [view="home"]
2020-05-22 18:48:59 [http-nio-8081-exec-10] DEBUG o.s.web.servlet.view.JstlView - View name 'home', model {}
2020-05-22 18:48:59 [http-nio-8081-exec-10] DEBUG o.s.web.servlet.view.JstlView - Forwarding to [/home.jsp]
2020-05-22 18:48:59 [http-nio-8081-exec-10] DEBUG o.s.web.servlet.DispatcherServlet - Completed 200 OK
2020-05-22 18:49:03 [http-nio-8081-exec-9] DEBUG o.s.web.servlet.DispatcherServlet - GET "/subjects/create", parameters={}
2020-05-22 18:49:03 [http-nio-8081-exec-9] DEBUG o.s.w.s.m.m.a.RequestMappingHandlerMapping - Mapped to ua.lviv.home.JavaProject.controllers.SubjectController#create(Model)
2020-05-22 18:49:03 [http-nio-8081-exec-9] DEBUG o.s.web.servlet.view.JstlView - View name 'createSubjects', model {subjectDto=ua.lviv.home.JavaProject.domain.Subject@1dd40d99, subjects=[ua.lviv.home.JavaProject.domain.Subject@527399c2, ua.lviv.home.JavaProject.domain.Subject@36e4cd5c, ua.lviv.home.JavaProject.domain.Subject@3f5208d, ua.lviv.home.JavaProject.domain.Subject@730d6d44, ua.lviv.home.JavaProject.domain.Subject@3d7e476e, ua.lviv.home.JavaProject.domain.Subject@2de0e3b0, ua.lviv.home.JavaProject.domain.Subject@7bb5fc9, ua.lviv.home.JavaProject.domain.Subject@1f446537], org.springframework.validation.BindingResult.subjectDto=org.springframework.validation.BeanPropertyBindingResult: 0 errors}
2020-05-22 18:49:03 [http-nio-8081-exec-9] DEBUG o.s.web.servlet.view.JstlView - Forwarding to [/createSubjects.jsp]
2020-05-22 18:49:03 [http-nio-8081-exec-9] DEBUG o.s.web.servlet.DispatcherServlet - Completed 200 OK
2020-05-22 18:49:03 [http-nio-8081-exec-1] DEBUG o.s.web.servlet.DispatcherServlet - GET "/css/error.css", parameters={}
2020-05-22 18:49:03 [http-nio-8081-exec-5] DEBUG o.s.web.servlet.DispatcherServlet - GET "/js/lang.js", parameters={}
2020-05-22 18:49:03 [http-nio-8081-exec-2] DEBUG o.s.web.servlet.DispatcherServlet - GET "/css/createLook.css", parameters={}
2020-05-22 18:49:03 [http-nio-8081-exec-5] DEBUG o.s.w.s.h.SimpleUrlHandlerMapping - Mapped to ResourceHttpRequestHandler ["classpath:/META-INF/resources/", "classpath:/resources/", "classpath:/static/", "classpath:/public/", "/"]
2020-05-22 18:49:03 [http-nio-8081-exec-1] DEBUG o.s.w.s.h.SimpleUrlHandlerMapping - Mapped to ResourceHttpRequestHandler ["classpath:/META-INF/resources/", "classpath:/resources/", "classpath:/static/", "classpath:/public/", "/"]
2020-05-22 18:49:03 [http-nio-8081-exec-2] DEBUG o.s.w.s.h.SimpleUrlHandlerMapping - Mapped to ResourceHttpRequestHandler ["classpath:/META-INF/resources/", "classpath:/resources/", "classpath:/static/", "classpath:/public/", "/"]
2020-05-22 18:49:03 [http-nio-8081-exec-2] DEBUG o.s.web.servlet.DispatcherServlet - Completed 200 OK
2020-05-22 18:49:03 [http-nio-8081-exec-1] DEBUG o.s.web.servlet.DispatcherServlet - Completed 200 OK
2020-05-22 18:49:03 [http-nio-8081-exec-5] DEBUG o.s.web.servlet.DispatcherServlet - Completed 200 OK
